2026-02-16 09:12:05 INFO  TC_005_LanguageLearning:14 - *****TestCase 5 Started********
2026-02-16 09:12:05 INFO  TC_005_LanguageLearning:17 - Clicking the learning Leanguage
2026-02-16 09:12:13 INFO  TC_005_LanguageLearning:19 - Succesfully clicked the learning Leanguage
2026-02-16 09:12:13 INFO  TC_005_LanguageLearning:24 - Lanugage ShowingAll Language clicking.....
2026-02-16 09:12:14 INFO  TC_005_LanguageLearning:26 - Lanugage ShowingAll Sucessed.....
2026-02-16 09:12:14 INFO  TC_005_LanguageLearning:28 - Caputuring languages and writing in excel sheet
2026-02-16 09:12:38 INFO  TC_005_LanguageLearning:30 - *****Caputuring languages and writing in excel sheet Got Sucessed******
2026-02-16 09:12:38 INFO  TC_005_LanguageLearning:31 - Caputuring Levels and writing in excel sheet
2026-02-16 09:12:39 INFO  TC_005_LanguageLearning:34 - *****Caputuring Levels and writing in excel sheet Got Sucessed******
2026-02-16 09:12:52 INFO  TC_001_TitleCheck:14 - ****** TestCase 1 Started  *******
2026-02-16 09:12:52 INFO  TC_001_TitleCheck:15 - Getting Title......
2026-02-16 09:12:52 INFO  TC_001_TitleCheck:17 - Checking for validations of titles
2026-02-16 09:12:52 INFO  TC_001_TitleCheck:21 - Assert got susceeeded Title Matched Correctly 
2026-02-16 09:12:52 INFO  TC_001_TitleCheck:22 - TestCase 1 Executed Sucessfully
2026-02-16 09:13:06 INFO  TC_002_SearchingCourse:14 - ******TestCase 2  Started *****
2026-02-16 09:13:06 INFO  TC_002_SearchingCourse:15 - ***** Searching WebDevelopment ******
2026-02-16 09:13:12 INFO  TC_002_SearchingCourse:24 - Searched correct course and Assert got succes
2026-02-16 09:13:12 INFO  TC_002_SearchingCourse:32 - ***Succesfully searched***
2026-02-16 09:13:12 INFO  TC_002_SearchingCourse:33 - ***** TestCase 2 Executed Succesfully*****
2026-02-16 09:13:23 INFO  TC_003_ApplyingFilter_AND_Retriving_Reviews:17 - ********TestCase 3 Started*********
2026-02-16 09:13:29 INFO  TC_003_ApplyingFilter_AND_Retriving_Reviews:28 - Filteriing......
2026-02-16 09:13:29 INFO  TC_003_ApplyingFilter_AND_Retriving_Reviews:30 - Applying Language Filter so clicking langugae filter.......
2026-02-16 09:13:30 INFO  TC_003_ApplyingFilter_AND_Retriving_Reviews:32 - Clicked langugae filter sucessfully .......
2026-02-16 09:13:30 INFO  TC_003_ApplyingFilter_AND_Retriving_Reviews:33 - Selecting English Language filter.......
2026-02-16 09:13:30 INFO  TC_003_ApplyingFilter_AND_Retriving_Reviews:35 - ****Selected English Language filter Sucesssfully***.......
2026-02-16 09:13:30 INFO  TC_003_ApplyingFilter_AND_Retriving_Reviews:36 - Clicking view button  .......
2026-02-16 09:13:31 INFO  TC_003_ApplyingFilter_AND_Retriving_Reviews:38 - Clicked view button  Sucesfully.......
2026-02-16 09:13:31 INFO  TC_003_ApplyingFilter_AND_Retriving_Reviews:39 - Applying Level Filter so clicking Level filter.......
2026-02-16 09:13:31 INFO  TC_003_ApplyingFilter_AND_Retriving_Reviews:41 - Clicked Level button  Sucesfully.......
2026-02-16 09:13:31 INFO  TC_003_ApplyingFilter_AND_Retriving_Reviews:42 - ****Selected Beginner Level ***.......
2026-02-16 09:13:32 INFO  TC_003_ApplyingFilter_AND_Retriving_Reviews:44 - ****Selected Beginner Level filter Sucesssfully***.......
2026-02-16 09:13:32 INFO  TC_003_ApplyingFilter_AND_Retriving_Reviews:45 - Clicking view button  .......
2026-02-16 09:13:32 INFO  TC_003_ApplyingFilter_AND_Retriving_Reviews:47 - Clicked view button  Sucesfully.......
2026-02-16 09:13:48 INFO  TC_003_ApplyingFilter_AND_Retriving_Reviews:52 - ......Sucessfully Test case 3 finished and details printed......
2026-02-16 09:13:48 INFO  TC_003_ApplyingFilter_AND_Retriving_Reviews:53 - *******TestCAse 3 Executed Sucessfully********
2026-02-16 09:14:02 INFO  TC_004_Validating_EnterpriserAndScreenShot_Taking:12 - *******TestCase 4********* Started******
2026-02-16 09:14:02 INFO  TC_004_Validating_EnterpriserAndScreenShot_Taking:16 - Entering the details and filling the form
2026-02-16 09:14:19 INFO  TC_004_Validating_EnterpriserAndScreenShot_Taking:18 - Successfully Filled
2026-02-16 09:14:19 INFO  TC_004_Validating_EnterpriserAndScreenShot_Taking:19 - *******TestCase 4 got executed Succesfully******
2026-02-16 09:14:19 INFO  TC_004_Validating_EnterpriserAndScreenShot_Taking:12 - *******TestCase 4********* Started******
2026-02-16 09:14:19 INFO  TC_004_Validating_EnterpriserAndScreenShot_Taking:16 - Entering the details and filling the form
2026-02-16 09:14:24 INFO  TC_004_Validating_EnterpriserAndScreenShot_Taking:18 - Successfully Filled
2026-02-16 09:14:24 INFO  TC_004_Validating_EnterpriserAndScreenShot_Taking:19 - *******TestCase 4 got executed Succesfully******
2026-02-16 09:59:17 INFO  TC_005_LanguageLearning:14 - *****TestCase 5 Started********
2026-02-16 09:59:17 INFO  TC_005_LanguageLearning:17 - Clicking the learning Leanguage
2026-02-16 09:59:23 INFO  TC_005_LanguageLearning:19 - Succesfully clicked the learning Leanguage
2026-02-16 09:59:24 INFO  TC_005_LanguageLearning:24 - Lanugage ShowingAll Language clicking.....
2026-02-16 09:59:24 INFO  TC_005_LanguageLearning:26 - Lanugage ShowingAll Sucessed.....
2026-02-16 09:59:24 INFO  TC_005_LanguageLearning:28 - Caputuring languages and writing in excel sheet
2026-02-16 09:59:50 INFO  TC_005_LanguageLearning:30 - *****Caputuring languages and writing in excel sheet Got Sucessed******
2026-02-16 09:59:50 INFO  TC_005_LanguageLearning:31 - Caputuring Levels and writing in excel sheet
2026-02-16 09:59:51 INFO  TC_005_LanguageLearning:34 - *****Caputuring Levels and writing in excel sheet Got Sucessed******
2026-02-16 10:00:05 INFO  TC_001_TitleCheck:14 - ****** TestCase 1 Started  *******
2026-02-16 10:00:05 INFO  TC_001_TitleCheck:15 - Getting Title......
2026-02-16 10:00:05 INFO  TC_001_TitleCheck:17 - Checking for validations of titles
2026-02-16 10:00:05 INFO  TC_001_TitleCheck:21 - Assert got susceeeded Title Matched Correctly 
2026-02-16 10:00:05 INFO  TC_001_TitleCheck:22 - TestCase 1 Executed Sucessfully
2026-02-16 10:00:15 INFO  TC_002_SearchingCourse:14 - ******TestCase 2  Started *****
2026-02-16 10:00:15 INFO  TC_002_SearchingCourse:15 - ***** Searching WebDevelopment ******
2026-02-16 10:00:23 INFO  TC_002_SearchingCourse:24 - Searched correct course and Assert got succes
2026-02-16 10:00:23 INFO  TC_002_SearchingCourse:32 - ***Succesfully searched***
2026-02-16 10:00:23 INFO  TC_002_SearchingCourse:33 - ***** TestCase 2 Executed Succesfully*****
2026-02-16 10:00:36 INFO  TC_003_ApplyingFilter_AND_Retriving_Reviews:17 - ********TestCase 3 Started*********
2026-02-16 10:00:41 INFO  TC_003_ApplyingFilter_AND_Retriving_Reviews:28 - Filteriing......
2026-02-16 10:00:41 INFO  TC_003_ApplyingFilter_AND_Retriving_Reviews:30 - Applying Language Filter so clicking langugae filter.......
2026-02-16 10:00:42 INFO  TC_003_ApplyingFilter_AND_Retriving_Reviews:32 - Clicked langugae filter sucessfully .......
2026-02-16 10:00:42 INFO  TC_003_ApplyingFilter_AND_Retriving_Reviews:33 - Selecting English Language filter.......
2026-02-16 10:00:43 INFO  TC_003_ApplyingFilter_AND_Retriving_Reviews:35 - ****Selected English Language filter Sucesssfully***.......
2026-02-16 10:00:43 INFO  TC_003_ApplyingFilter_AND_Retriving_Reviews:36 - Clicking view button  .......
2026-02-16 10:00:43 INFO  TC_003_ApplyingFilter_AND_Retriving_Reviews:38 - Clicked view button  Sucesfully.......
2026-02-16 10:00:43 INFO  TC_003_ApplyingFilter_AND_Retriving_Reviews:39 - Applying Level Filter so clicking Level filter.......
2026-02-16 10:00:44 INFO  TC_003_ApplyingFilter_AND_Retriving_Reviews:41 - Clicked Level button  Sucesfully.......
2026-02-16 10:00:44 INFO  TC_003_ApplyingFilter_AND_Retriving_Reviews:42 - ****Selected Beginner Level ***.......
2026-02-16 10:00:44 INFO  TC_003_ApplyingFilter_AND_Retriving_Reviews:44 - ****Selected Beginner Level filter Sucesssfully***.......
2026-02-16 10:00:44 INFO  TC_003_ApplyingFilter_AND_Retriving_Reviews:45 - Clicking view button  .......
2026-02-16 10:00:45 INFO  TC_003_ApplyingFilter_AND_Retriving_Reviews:47 - Clicked view button  Sucesfully.......
2026-02-16 10:01:04 INFO  TC_004_Validating_EnterpriserAndScreenShot_Taking:12 - *******TestCase 4********* Started******
2026-02-16 10:01:04 INFO  TC_004_Validating_EnterpriserAndScreenShot_Taking:16 - Entering the details and filling the form
2026-02-16 10:01:19 INFO  TC_004_Validating_EnterpriserAndScreenShot_Taking:18 - Successfully Filled
2026-02-16 10:01:19 INFO  TC_004_Validating_EnterpriserAndScreenShot_Taking:19 - *******TestCase 4 got executed Succesfully******
2026-02-16 10:01:19 INFO  TC_004_Validating_EnterpriserAndScreenShot_Taking:12 - *******TestCase 4********* Started******
2026-02-16 10:01:19 INFO  TC_004_Validating_EnterpriserAndScreenShot_Taking:16 - Entering the details and filling the form
2026-02-16 10:01:24 INFO  TC_004_Validating_EnterpriserAndScreenShot_Taking:18 - Successfully Filled
2026-02-16 10:01:24 INFO  TC_004_Validating_EnterpriserAndScreenShot_Taking:19 - *******TestCase 4 got executed Succesfully******
2026-02-16 10:04:41 INFO  TC_005_LanguageLearning:14 - *****TestCase 5 Started********
2026-02-16 10:04:41 INFO  TC_005_LanguageLearning:17 - Clicking the learning Leanguage
2026-02-16 10:04:49 INFO  TC_005_LanguageLearning:19 - Succesfully clicked the learning Leanguage
2026-02-16 10:04:49 INFO  TC_005_LanguageLearning:24 - Lanugage ShowingAll Language clicking.....
2026-02-16 10:04:49 INFO  TC_005_LanguageLearning:26 - Lanugage ShowingAll Sucessed.....
2026-02-16 10:04:49 INFO  TC_005_LanguageLearning:28 - Caputuring languages and writing in excel sheet
2026-02-16 10:05:16 INFO  TC_005_LanguageLearning:30 - *****Caputuring languages and writing in excel sheet Got Sucessed******
2026-02-16 10:05:16 INFO  TC_005_LanguageLearning:31 - Caputuring Levels and writing in excel sheet
2026-02-16 10:05:18 INFO  TC_005_LanguageLearning:34 - *****Caputuring Levels and writing in excel sheet Got Sucessed******
2026-02-16 10:05:34 INFO  TC_001_TitleCheck:14 - ****** TestCase 1 Started  *******
2026-02-16 10:05:34 INFO  TC_001_TitleCheck:15 - Getting Title......
2026-02-16 10:05:34 INFO  TC_001_TitleCheck:17 - Checking for validations of titles
2026-02-16 10:05:34 INFO  TC_001_TitleCheck:21 - Assert got susceeeded Title Matched Correctly 
2026-02-16 10:05:34 INFO  TC_001_TitleCheck:22 - TestCase 1 Executed Sucessfully
2026-02-16 10:05:46 INFO  TC_002_SearchingCourse:14 - ******TestCase 2  Started *****
2026-02-16 10:05:46 INFO  TC_002_SearchingCourse:15 - ***** Searching WebDevelopment ******
2026-02-16 10:05:53 INFO  TC_002_SearchingCourse:24 - Searched correct course and Assert got succes
2026-02-16 10:05:53 INFO  TC_002_SearchingCourse:32 - ***Succesfully searched***
2026-02-16 10:05:53 INFO  TC_002_SearchingCourse:33 - ***** TestCase 2 Executed Succesfully*****
2026-02-16 10:06:06 INFO  TC_003_ApplyingFilter_AND_Retriving_Reviews:17 - ********TestCase 3 Started*********
2026-02-16 10:06:13 INFO  TC_003_ApplyingFilter_AND_Retriving_Reviews:28 - Filteriing......
2026-02-16 10:06:13 INFO  TC_003_ApplyingFilter_AND_Retriving_Reviews:30 - Applying Language Filter so clicking langugae filter.......
2026-02-16 10:06:13 INFO  TC_003_ApplyingFilter_AND_Retriving_Reviews:32 - Clicked langugae filter sucessfully .......
2026-02-16 10:06:13 INFO  TC_003_ApplyingFilter_AND_Retriving_Reviews:33 - Selecting English Language filter.......
2026-02-16 10:06:14 INFO  TC_003_ApplyingFilter_AND_Retriving_Reviews:35 - ****Selected English Language filter Sucesssfully***.......
2026-02-16 10:06:14 INFO  TC_003_ApplyingFilter_AND_Retriving_Reviews:36 - Clicking view button  .......
2026-02-16 10:06:15 INFO  TC_003_ApplyingFilter_AND_Retriving_Reviews:38 - Clicked view button  Sucesfully.......
2026-02-16 10:06:15 INFO  TC_003_ApplyingFilter_AND_Retriving_Reviews:39 - Applying Level Filter so clicking Level filter.......
2026-02-16 10:06:15 INFO  TC_003_ApplyingFilter_AND_Retriving_Reviews:41 - Clicked Level button  Sucesfully.......
2026-02-16 10:06:15 INFO  TC_003_ApplyingFilter_AND_Retriving_Reviews:42 - ****Selected Beginner Level ***.......
2026-02-16 10:06:16 INFO  TC_003_ApplyingFilter_AND_Retriving_Reviews:44 - ****Selected Beginner Level filter Sucesssfully***.......
2026-02-16 10:06:16 INFO  TC_003_ApplyingFilter_AND_Retriving_Reviews:45 - Clicking view button  .......
2026-02-16 10:06:16 INFO  TC_003_ApplyingFilter_AND_Retriving_Reviews:47 - Clicked view button  Sucesfully.......
2026-02-16 10:06:38 INFO  TC_004_Validating_EnterpriserAndScreenShot_Taking:12 - *******TestCase 4********* Started******
2026-02-16 10:06:38 INFO  TC_004_Validating_EnterpriserAndScreenShot_Taking:16 - Entering the details and filling the form
2026-02-16 10:06:54 INFO  TC_004_Validating_EnterpriserAndScreenShot_Taking:18 - Successfully Filled
2026-02-16 10:06:54 INFO  TC_004_Validating_EnterpriserAndScreenShot_Taking:19 - *******TestCase 4 got executed Succesfully******
2026-02-16 10:06:54 INFO  TC_004_Validating_EnterpriserAndScreenShot_Taking:12 - *******TestCase 4********* Started******
2026-02-16 10:06:54 INFO  TC_004_Validating_EnterpriserAndScreenShot_Taking:16 - Entering the details and filling the form
2026-02-16 10:06:59 INFO  TC_004_Validating_EnterpriserAndScreenShot_Taking:18 - Successfully Filled
2026-02-16 10:06:59 INFO  TC_004_Validating_EnterpriserAndScreenShot_Taking:19 - *******TestCase 4 got executed Succesfully******
2026-02-16 10:09:58 INFO  TC_003_ApplyingFilter_AND_Retriving_Reviews:28 - Filteriing......
2026-02-16 10:09:58 INFO  TC_003_ApplyingFilter_AND_Retriving_Reviews:30 - Applying Language Filter so clicking langugae filter.......
2026-02-16 10:24:43 INFO  TC_005_LanguageLearning:14 - *****TestCase 5 Started********
2026-02-16 10:24:43 INFO  TC_005_LanguageLearning:17 - Clicking the learning Leanguage
2026-02-16 10:24:50 INFO  TC_005_LanguageLearning:19 - Succesfully clicked the learning Leanguage
2026-02-16 10:24:50 INFO  TC_005_LanguageLearning:24 - Lanugage ShowingAll Language clicking.....
2026-02-16 10:24:51 INFO  TC_005_LanguageLearning:26 - Lanugage ShowingAll Sucessed.....
2026-02-16 10:24:51 INFO  TC_005_LanguageLearning:28 - Caputuring languages and writing in excel sheet
2026-02-16 10:25:18 INFO  TC_005_LanguageLearning:30 - *****Caputuring languages and writing in excel sheet Got Sucessed******
2026-02-16 10:25:18 INFO  TC_005_LanguageLearning:31 - Caputuring Levels and writing in excel sheet
2026-02-16 10:25:20 INFO  TC_005_LanguageLearning:34 - *****Caputuring Levels and writing in excel sheet Got Sucessed******
2026-02-16 10:25:34 INFO  TC_001_TitleCheck:14 - ****** TestCase 1 Started  *******
2026-02-16 10:25:34 INFO  TC_001_TitleCheck:15 - Getting Title......
2026-02-16 10:25:34 INFO  TC_001_TitleCheck:17 - Checking for validations of titles
2026-02-16 10:25:34 INFO  TC_001_TitleCheck:21 - Assert got susceeeded Title Matched Correctly 
2026-02-16 10:25:34 INFO  TC_001_TitleCheck:22 - TestCase 1 Executed Sucessfully
2026-02-16 10:25:50 INFO  TC_002_SearchingCourse:14 - ******TestCase 2  Started *****
2026-02-16 10:25:50 INFO  TC_002_SearchingCourse:15 - ***** Searching WebDevelopment ******
2026-02-16 10:25:56 INFO  TC_002_SearchingCourse:24 - Searched correct course and Assert got succes
2026-02-16 10:25:56 INFO  TC_002_SearchingCourse:32 - ***Succesfully searched***
2026-02-16 10:25:56 INFO  TC_002_SearchingCourse:33 - ***** TestCase 2 Executed Succesfully*****
2026-02-16 10:26:09 INFO  TC_003_ApplyingFilter_AND_Retriving_Reviews:17 - ********TestCase 3 Started*********
2026-02-16 10:26:18 INFO  TC_003_ApplyingFilter_AND_Retriving_Reviews:28 - Filteriing......
2026-02-16 10:26:18 INFO  TC_003_ApplyingFilter_AND_Retriving_Reviews:30 - Applying Language Filter so clicking langugae filter.......
2026-02-16 10:26:19 INFO  TC_003_ApplyingFilter_AND_Retriving_Reviews:32 - Clicked langugae filter sucessfully .......
2026-02-16 10:26:19 INFO  TC_003_ApplyingFilter_AND_Retriving_Reviews:33 - Selecting English Language filter.......
2026-02-16 10:26:19 INFO  TC_003_ApplyingFilter_AND_Retriving_Reviews:35 - ****Selected English Language filter Sucesssfully***.......
2026-02-16 10:26:19 INFO  TC_003_ApplyingFilter_AND_Retriving_Reviews:36 - Clicking view button  .......
2026-02-16 10:26:20 INFO  TC_003_ApplyingFilter_AND_Retriving_Reviews:38 - Clicked view button  Sucesfully.......
2026-02-16 10:26:20 INFO  TC_003_ApplyingFilter_AND_Retriving_Reviews:39 - Applying Level Filter so clicking Level filter.......
2026-02-16 10:26:20 INFO  TC_003_ApplyingFilter_AND_Retriving_Reviews:41 - Clicked Level button  Sucesfully.......
2026-02-16 10:26:20 INFO  TC_003_ApplyingFilter_AND_Retriving_Reviews:42 - ****Selected Beginner Level ***.......
2026-02-16 10:26:21 INFO  TC_003_ApplyingFilter_AND_Retriving_Reviews:44 - ****Selected Beginner Level filter Sucesssfully***.......
2026-02-16 10:26:21 INFO  TC_003_ApplyingFilter_AND_Retriving_Reviews:45 - Clicking view button  .......
2026-02-16 10:26:21 INFO  TC_003_ApplyingFilter_AND_Retriving_Reviews:47 - Clicked view button  Sucesfully.......
2026-02-16 10:26:37 INFO  TC_003_ApplyingFilter_AND_Retriving_Reviews:52 - ......Sucessfully Test case 3 finished and details printed......
2026-02-16 10:26:37 INFO  TC_003_ApplyingFilter_AND_Retriving_Reviews:53 - *******TestCAse 3 Executed Sucessfully********
2026-02-16 10:26:57 INFO  TC_004_Validating_EnterpriserAndScreenShot_Taking:12 - *******TestCase 4********* Started******
2026-02-16 10:26:57 INFO  TC_004_Validating_EnterpriserAndScreenShot_Taking:16 - Entering the details and filling the form
2026-02-16 10:27:13 INFO  TC_004_Validating_EnterpriserAndScreenShot_Taking:18 - Successfully Filled
2026-02-16 10:27:13 INFO  TC_004_Validating_EnterpriserAndScreenShot_Taking:19 - *******TestCase 4 got executed Succesfully******
2026-02-16 10:27:13 INFO  TC_004_Validating_EnterpriserAndScreenShot_Taking:12 - *******TestCase 4********* Started******
2026-02-16 10:27:13 INFO  TC_004_Validating_EnterpriserAndScreenShot_Taking:16 - Entering the details and filling the form
2026-02-16 10:27:19 INFO  TC_004_Validating_EnterpriserAndScreenShot_Taking:18 - Successfully Filled
2026-02-16 10:27:19 INFO  TC_004_Validating_EnterpriserAndScreenShot_Taking:19 - *******TestCase 4 got executed Succesfully******
2026-02-16 11:10:40 INFO  TC_005_LanguageLearning:14 - *****TestCase 5 Started********
2026-02-16 11:10:41 INFO  TC_005_LanguageLearning:17 - Clicking the learning Leanguage
2026-02-16 11:10:47 INFO  TC_005_LanguageLearning:19 - Succesfully clicked the learning Leanguage
2026-02-16 11:10:47 INFO  TC_005_LanguageLearning:24 - Lanugage ShowingAll Language clicking.....
2026-02-16 11:10:47 INFO  TC_005_LanguageLearning:26 - Lanugage ShowingAll Sucessed.....
2026-02-16 11:10:47 INFO  TC_005_LanguageLearning:28 - Caputuring languages and writing in excel sheet
2026-02-16 11:11:11 INFO  TC_005_LanguageLearning:30 - *****Caputuring languages and writing in excel sheet Got Sucessed******
2026-02-16 11:11:11 INFO  TC_005_LanguageLearning:31 - Caputuring Levels and writing in excel sheet
2026-02-16 11:11:13 INFO  TC_005_LanguageLearning:34 - *****Caputuring Levels and writing in excel sheet Got Sucessed******
2026-02-16 11:11:29 INFO  TC_001_TitleCheck:14 - ****** TestCase 1 Started  *******
2026-02-16 11:11:29 INFO  TC_001_TitleCheck:15 - Getting Title......
2026-02-16 11:11:29 INFO  TC_001_TitleCheck:17 - Checking for validations of titles
2026-02-16 11:11:29 INFO  TC_001_TitleCheck:21 - Assert got susceeeded Title Matched Correctly 
2026-02-16 11:11:29 INFO  TC_001_TitleCheck:22 - TestCase 1 Executed Sucessfully
2026-02-16 11:11:39 INFO  TC_002_SearchingCourse:14 - ******TestCase 2  Started *****
2026-02-16 11:11:39 INFO  TC_002_SearchingCourse:15 - ***** Searching WebDevelopment ******
2026-02-16 11:11:46 INFO  TC_002_SearchingCourse:24 - Searched correct course and Assert got succes
2026-02-16 11:11:46 INFO  TC_002_SearchingCourse:32 - ***Succesfully searched***
2026-02-16 11:11:46 INFO  TC_002_SearchingCourse:33 - ***** TestCase 2 Executed Succesfully*****
2026-02-16 11:12:01 INFO  TC_003_ApplyingFilter_AND_Retriving_Reviews:17 - ********TestCase 3 Started*********
2026-02-16 11:12:10 INFO  TC_003_ApplyingFilter_AND_Retriving_Reviews:28 - Filteriing......
2026-02-16 11:12:10 INFO  TC_003_ApplyingFilter_AND_Retriving_Reviews:30 - Applying Language Filter so clicking langugae filter.......
2026-02-16 11:12:11 INFO  TC_003_ApplyingFilter_AND_Retriving_Reviews:32 - Clicked langugae filter sucessfully .......
2026-02-16 11:12:11 INFO  TC_003_ApplyingFilter_AND_Retriving_Reviews:33 - Selecting English Language filter.......
2026-02-16 11:12:11 INFO  TC_003_ApplyingFilter_AND_Retriving_Reviews:35 - ****Selected English Language filter Sucesssfully***.......
2026-02-16 11:12:11 INFO  TC_003_ApplyingFilter_AND_Retriving_Reviews:36 - Clicking view button  .......
2026-02-16 11:12:12 INFO  TC_003_ApplyingFilter_AND_Retriving_Reviews:38 - Clicked view button  Sucesfully.......
2026-02-16 11:12:12 INFO  TC_003_ApplyingFilter_AND_Retriving_Reviews:39 - Applying Level Filter so clicking Level filter.......
2026-02-16 11:12:13 INFO  TC_003_ApplyingFilter_AND_Retriving_Reviews:41 - Clicked Level button  Sucesfully.......
2026-02-16 11:12:13 INFO  TC_003_ApplyingFilter_AND_Retriving_Reviews:42 - ****Selected Beginner Level ***.......
2026-02-16 11:12:13 INFO  TC_003_ApplyingFilter_AND_Retriving_Reviews:44 - ****Selected Beginner Level filter Sucesssfully***.......
2026-02-16 11:12:13 INFO  TC_003_ApplyingFilter_AND_Retriving_Reviews:45 - Clicking view button  .......
2026-02-16 11:12:14 INFO  TC_003_ApplyingFilter_AND_Retriving_Reviews:47 - Clicked view button  Sucesfully.......
2026-02-16 11:12:40 INFO  TC_004_Validating_EnterpriserAndScreenShot_Taking:12 - *******TestCase 4********* Started******
2026-02-16 11:12:40 INFO  TC_004_Validating_EnterpriserAndScreenShot_Taking:16 - Entering the details and filling the form
2026-02-16 11:13:02 INFO  TC_004_Validating_EnterpriserAndScreenShot_Taking:18 - Successfully Filled
2026-02-16 11:13:02 INFO  TC_004_Validating_EnterpriserAndScreenShot_Taking:19 - *******TestCase 4 got executed Succesfully******
2026-02-16 11:13:02 INFO  TC_004_Validating_EnterpriserAndScreenShot_Taking:12 - *******TestCase 4********* Started******
2026-02-16 11:13:02 INFO  TC_004_Validating_EnterpriserAndScreenShot_Taking:16 - Entering the details and filling the form
2026-02-16 11:13:10 INFO  TC_004_Validating_EnterpriserAndScreenShot_Taking:18 - Successfully Filled
2026-02-16 11:13:10 INFO  TC_004_Validating_EnterpriserAndScreenShot_Taking:19 - *******TestCase 4 got executed Succesfully******
2026-02-16 11:32:38 INFO  TC_005_LanguageLearning:14 - *****TestCase 5 Started********
2026-02-16 11:32:38 INFO  TC_005_LanguageLearning:17 - Clicking the learning Leanguage
2026-02-16 11:32:46 INFO  TC_005_LanguageLearning:19 - Succesfully clicked the learning Leanguage
2026-02-16 11:32:46 INFO  TC_005_LanguageLearning:24 - Lanugage ShowingAll Language clicking.....
2026-02-16 11:32:47 INFO  TC_005_LanguageLearning:26 - Lanugage ShowingAll Sucessed.....
2026-02-16 11:32:47 INFO  TC_005_LanguageLearning:28 - Caputuring languages and writing in excel sheet
2026-02-16 11:33:01 INFO  TC_005_LanguageLearning:30 - *****Caputuring languages and writing in excel sheet Got Sucessed******
2026-02-16 11:33:01 INFO  TC_005_LanguageLearning:31 - Caputuring Levels and writing in excel sheet
2026-02-16 11:33:01 INFO  TC_005_LanguageLearning:34 - *****Caputuring Levels and writing in excel sheet Got Sucessed******
2026-02-16 11:33:19 INFO  TC_001_TitleCheck:14 - ****** TestCase 1 Started  *******
2026-02-16 11:33:19 INFO  TC_001_TitleCheck:15 - Getting Title......
2026-02-16 11:33:19 INFO  TC_001_TitleCheck:17 - Checking for validations of titles
2026-02-16 11:33:19 INFO  TC_001_TitleCheck:21 - Assert got susceeeded Title Matched Correctly 
2026-02-16 11:33:19 INFO  TC_001_TitleCheck:22 - TestCase 1 Executed Sucessfully
2026-02-16 11:33:29 INFO  TC_002_SearchingCourse:14 - ******TestCase 2  Started *****
2026-02-16 11:33:29 INFO  TC_002_SearchingCourse:15 - ***** Searching WebDevelopment ******
2026-02-16 11:33:35 INFO  TC_002_SearchingCourse:24 - Searched correct course and Assert got succes
2026-02-16 11:33:35 INFO  TC_002_SearchingCourse:32 - ***Succesfully searched***
2026-02-16 11:33:35 INFO  TC_002_SearchingCourse:33 - ***** TestCase 2 Executed Succesfully*****
2026-02-16 11:33:46 INFO  TC_003_ApplyingFilter_AND_Retriving_Reviews:17 - ********TestCase 3 Started*********
2026-02-16 11:33:52 INFO  TC_003_ApplyingFilter_AND_Retriving_Reviews:28 - Filteriing......
2026-02-16 11:33:52 INFO  TC_003_ApplyingFilter_AND_Retriving_Reviews:30 - Applying Language Filter so clicking langugae filter.......
2026-02-16 11:33:53 INFO  TC_003_ApplyingFilter_AND_Retriving_Reviews:32 - Clicked langugae filter sucessfully .......
2026-02-16 11:33:53 INFO  TC_003_ApplyingFilter_AND_Retriving_Reviews:33 - Selecting English Language filter.......
2026-02-16 11:33:53 INFO  TC_003_ApplyingFilter_AND_Retriving_Reviews:35 - ****Selected English Language filter Sucesssfully***.......
2026-02-16 11:33:53 INFO  TC_003_ApplyingFilter_AND_Retriving_Reviews:36 - Clicking view button  .......
2026-02-16 11:33:53 INFO  TC_003_ApplyingFilter_AND_Retriving_Reviews:38 - Clicked view button  Sucesfully.......
2026-02-16 11:33:53 INFO  TC_003_ApplyingFilter_AND_Retriving_Reviews:39 - Applying Level Filter so clicking Level filter.......
2026-02-16 11:33:54 INFO  TC_003_ApplyingFilter_AND_Retriving_Reviews:41 - Clicked Level button  Sucesfully.......
2026-02-16 11:33:54 INFO  TC_003_ApplyingFilter_AND_Retriving_Reviews:42 - ****Selected Beginner Level ***.......
2026-02-16 11:33:54 INFO  TC_003_ApplyingFilter_AND_Retriving_Reviews:44 - ****Selected Beginner Level filter Sucesssfully***.......
2026-02-16 11:33:54 INFO  TC_003_ApplyingFilter_AND_Retriving_Reviews:45 - Clicking view button  .......
2026-02-16 11:33:54 INFO  TC_003_ApplyingFilter_AND_Retriving_Reviews:47 - Clicked view button  Sucesfully.......
2026-02-16 11:34:07 INFO  TC_003_ApplyingFilter_AND_Retriving_Reviews:52 - ......Sucessfully Test case 3 finished and details printed......
2026-02-16 11:34:07 INFO  TC_003_ApplyingFilter_AND_Retriving_Reviews:53 - *******TestCAse 3 Executed Sucessfully********
2026-02-16 11:34:19 INFO  TC_004_Validating_EnterpriserAndScreenShot_Taking:12 - *******TestCase 4********* Started******
2026-02-16 11:34:20 INFO  TC_004_Validating_EnterpriserAndScreenShot_Taking:16 - Entering the details and filling the form
2026-02-16 11:34:35 INFO  TC_004_Validating_EnterpriserAndScreenShot_Taking:18 - Successfully Filled
2026-02-16 11:34:35 INFO  TC_004_Validating_EnterpriserAndScreenShot_Taking:19 - *******TestCase 4 got executed Succesfully******
2026-02-16 11:34:35 INFO  TC_004_Validating_EnterpriserAndScreenShot_Taking:12 - *******TestCase 4********* Started******
2026-02-16 11:34:35 INFO  TC_004_Validating_EnterpriserAndScreenShot_Taking:16 - Entering the details and filling the form
2026-02-16 11:34:40 INFO  TC_004_Validating_EnterpriserAndScreenShot_Taking:18 - Successfully Filled
2026-02-16 11:34:40 INFO  TC_004_Validating_EnterpriserAndScreenShot_Taking:19 - *******TestCase 4 got executed Succesfully******
2026-02-16 11:54:09 INFO  TC_005_LanguageLearning:14 - *****TestCase 5 Started********
2026-02-16 11:54:09 INFO  TC_005_LanguageLearning:17 - Clicking the learning Leanguage
2026-02-16 11:54:15 INFO  TC_005_LanguageLearning:19 - Succesfully clicked the learning Leanguage
2026-02-16 11:54:15 INFO  TC_005_LanguageLearning:24 - Lanugage ShowingAll Language clicking.....
2026-02-16 11:54:15 INFO  TC_005_LanguageLearning:26 - Lanugage ShowingAll Sucessed.....
2026-02-16 11:54:15 INFO  TC_005_LanguageLearning:28 - Caputuring languages and writing in excel sheet
2026-02-16 11:54:31 INFO  TC_005_LanguageLearning:30 - *****Caputuring languages and writing in excel sheet Got Sucessed******
2026-02-16 11:54:31 INFO  TC_005_LanguageLearning:31 - Caputuring Levels and writing in excel sheet
2026-02-16 11:54:32 INFO  TC_005_LanguageLearning:34 - *****Caputuring Levels and writing in excel sheet Got Sucessed******
2026-02-16 11:54:45 INFO  TC_001_TitleCheck:14 - ****** TestCase 1 Started  *******
2026-02-16 11:54:45 INFO  TC_001_TitleCheck:15 - Getting Title......
2026-02-16 11:54:45 INFO  TC_001_TitleCheck:17 - Checking for validations of titles
2026-02-16 11:54:45 INFO  TC_001_TitleCheck:21 - Assert got susceeeded Title Matched Correctly 
2026-02-16 11:54:45 INFO  TC_001_TitleCheck:22 - TestCase 1 Executed Sucessfully
2026-02-16 11:54:57 INFO  TC_002_SearchingCourse:14 - ******TestCase 2  Started *****
2026-02-16 11:54:57 INFO  TC_002_SearchingCourse:15 - ***** Searching WebDevelopment ******
2026-02-16 11:55:08 INFO  TC_002_SearchingCourse:24 - Searched correct course and Assert got succes
2026-02-16 11:55:08 INFO  TC_002_SearchingCourse:32 - ***Succesfully searched***
2026-02-16 11:55:08 INFO  TC_002_SearchingCourse:33 - ***** TestCase 2 Executed Succesfully*****
2026-02-16 11:55:23 INFO  TC_003_ApplyingFilter_AND_Retriving_Reviews:17 - ********TestCase 3 Started*********
2026-02-16 11:55:29 INFO  TC_003_ApplyingFilter_AND_Retriving_Reviews:28 - Filteriing......
2026-02-16 11:55:29 INFO  TC_003_ApplyingFilter_AND_Retriving_Reviews:30 - Applying Language Filter so clicking langugae filter.......
2026-02-16 11:55:29 INFO  TC_003_ApplyingFilter_AND_Retriving_Reviews:32 - Clicked langugae filter sucessfully .......
2026-02-16 11:55:29 INFO  TC_003_ApplyingFilter_AND_Retriving_Reviews:33 - Selecting English Language filter.......
2026-02-16 11:55:30 INFO  TC_003_ApplyingFilter_AND_Retriving_Reviews:35 - ****Selected English Language filter Sucesssfully***.......
2026-02-16 11:55:30 INFO  TC_003_ApplyingFilter_AND_Retriving_Reviews:36 - Clicking view button  .......
2026-02-16 11:55:30 INFO  TC_003_ApplyingFilter_AND_Retriving_Reviews:38 - Clicked view button  Sucesfully.......
2026-02-16 11:55:30 INFO  TC_003_ApplyingFilter_AND_Retriving_Reviews:39 - Applying Level Filter so clicking Level filter.......
2026-02-16 11:55:30 INFO  TC_003_ApplyingFilter_AND_Retriving_Reviews:41 - Clicked Level button  Sucesfully.......
2026-02-16 11:55:30 INFO  TC_003_ApplyingFilter_AND_Retriving_Reviews:42 - ****Selected Beginner Level ***.......
2026-02-16 11:55:31 INFO  TC_003_ApplyingFilter_AND_Retriving_Reviews:44 - ****Selected Beginner Level filter Sucesssfully***.......
2026-02-16 11:55:31 INFO  TC_003_ApplyingFilter_AND_Retriving_Reviews:45 - Clicking view button  .......
2026-02-16 11:55:31 INFO  TC_003_ApplyingFilter_AND_Retriving_Reviews:47 - Clicked view button  Sucesfully.......
2026-02-16 11:55:43 INFO  TC_003_ApplyingFilter_AND_Retriving_Reviews:52 - ......Sucessfully Test case 3 finished and details printed......
2026-02-16 11:55:43 INFO  TC_003_ApplyingFilter_AND_Retriving_Reviews:53 - *******TestCAse 3 Executed Sucessfully********
2026-02-16 11:55:56 INFO  TC_004_Validating_EnterpriserAndScreenShot_Taking:12 - *******TestCase 4********* Started******
2026-02-16 11:55:56 INFO  TC_004_Validating_EnterpriserAndScreenShot_Taking:16 - Entering the details and filling the form
2026-02-16 11:56:10 INFO  TC_004_Validating_EnterpriserAndScreenShot_Taking:18 - Successfully Filled
2026-02-16 11:56:10 INFO  TC_004_Validating_EnterpriserAndScreenShot_Taking:19 - *******TestCase 4 got executed Succesfully******
2026-02-16 11:56:10 INFO  TC_004_Validating_EnterpriserAndScreenShot_Taking:12 - *******TestCase 4********* Started******
2026-02-16 11:56:10 INFO  TC_004_Validating_EnterpriserAndScreenShot_Taking:16 - Entering the details and filling the form
2026-02-16 11:56:14 INFO  TC_004_Validating_EnterpriserAndScreenShot_Taking:18 - Successfully Filled
2026-02-16 11:56:14 INFO  TC_004_Validating_EnterpriserAndScreenShot_Taking:19 - *******TestCase 4 got executed Succesfully******
2026-02-16 11:59:55 INFO  TC_005_LanguageLearning:14 - *****TestCase 5 Started********
2026-02-16 11:59:55 INFO  TC_005_LanguageLearning:17 - Clicking the learning Leanguage
2026-02-16 12:00:04 INFO  TC_005_LanguageLearning:19 - Succesfully clicked the learning Leanguage
2026-02-16 12:00:04 INFO  TC_005_LanguageLearning:24 - Lanugage ShowingAll Language clicking.....
2026-02-16 12:00:05 INFO  TC_005_LanguageLearning:26 - Lanugage ShowingAll Sucessed.....
2026-02-16 12:00:05 INFO  TC_005_LanguageLearning:28 - Caputuring languages and writing in excel sheet
2026-02-16 12:00:22 INFO  TC_005_LanguageLearning:30 - *****Caputuring languages and writing in excel sheet Got Sucessed******
2026-02-16 12:00:22 INFO  TC_005_LanguageLearning:31 - Caputuring Levels and writing in excel sheet
2026-02-16 12:00:23 INFO  TC_005_LanguageLearning:34 - *****Caputuring Levels and writing in excel sheet Got Sucessed******
2026-02-16 12:00:36 INFO  TC_001_TitleCheck:14 - ****** TestCase 1 Started  *******
2026-02-16 12:00:36 INFO  TC_001_TitleCheck:15 - Getting Title......
2026-02-16 12:00:37 INFO  TC_001_TitleCheck:17 - Checking for validations of titles
2026-02-16 12:00:37 INFO  TC_001_TitleCheck:21 - Assert got susceeeded Title Matched Correctly 
2026-02-16 12:00:37 INFO  TC_001_TitleCheck:22 - TestCase 1 Executed Sucessfully
2026-02-16 12:01:03 INFO  TC_003_ApplyingFilter_AND_Retriving_Reviews:28 - Filteriing......
2026-02-16 12:01:03 INFO  TC_003_ApplyingFilter_AND_Retriving_Reviews:30 - Applying Language Filter so clicking langugae filter.......
2026-02-16 12:04:29 INFO  TC_005_LanguageLearning:14 - *****TestCase 5 Started********
2026-02-16 12:04:29 INFO  TC_005_LanguageLearning:17 - Clicking the learning Leanguage
2026-02-16 12:04:38 INFO  TC_005_LanguageLearning:19 - Succesfully clicked the learning Leanguage
2026-02-16 12:04:38 INFO  TC_005_LanguageLearning:24 - Lanugage ShowingAll Language clicking.....
2026-02-16 12:04:39 INFO  TC_005_LanguageLearning:26 - Lanugage ShowingAll Sucessed.....
2026-02-16 12:04:39 INFO  TC_005_LanguageLearning:28 - Caputuring languages and writing in excel sheet
2026-02-16 12:04:53 INFO  TC_005_LanguageLearning:30 - *****Caputuring languages and writing in excel sheet Got Sucessed******
2026-02-16 12:04:53 INFO  TC_005_LanguageLearning:31 - Caputuring Levels and writing in excel sheet
2026-02-16 12:04:53 INFO  TC_005_LanguageLearning:34 - *****Caputuring Levels and writing in excel sheet Got Sucessed******
2026-02-16 12:05:10 INFO  TC_001_TitleCheck:14 - ****** TestCase 1 Started  *******
2026-02-16 12:05:10 INFO  TC_001_TitleCheck:15 - Getting Title......
2026-02-16 12:05:10 INFO  TC_001_TitleCheck:17 - Checking for validations of titles
2026-02-16 12:05:10 INFO  TC_001_TitleCheck:21 - Assert got susceeeded Title Matched Correctly 
2026-02-16 12:05:10 INFO  TC_001_TitleCheck:22 - TestCase 1 Executed Sucessfully
2026-02-16 12:05:19 INFO  TC_002_SearchingCourse:14 - ******TestCase 2  Started *****
2026-02-16 12:05:19 INFO  TC_002_SearchingCourse:15 - ***** Searching WebDevelopment ******
2026-02-16 12:05:24 INFO  TC_002_SearchingCourse:24 - Searched correct course and Assert got succes
2026-02-16 12:05:24 INFO  TC_002_SearchingCourse:32 - ***Succesfully searched***
2026-02-16 12:05:24 INFO  TC_002_SearchingCourse:33 - ***** TestCase 2 Executed Succesfully*****
2026-02-16 12:05:36 INFO  TC_003_ApplyingFilter_AND_Retriving_Reviews:17 - ********TestCase 3 Started*********
2026-02-16 12:05:42 INFO  TC_003_ApplyingFilter_AND_Retriving_Reviews:28 - Filteriing......
2026-02-16 12:05:42 INFO  TC_003_ApplyingFilter_AND_Retriving_Reviews:30 - Applying Language Filter so clicking langugae filter.......
2026-02-16 12:05:43 INFO  TC_003_ApplyingFilter_AND_Retriving_Reviews:32 - Clicked langugae filter sucessfully .......
2026-02-16 12:05:43 INFO  TC_003_ApplyingFilter_AND_Retriving_Reviews:33 - Selecting English Language filter.......
2026-02-16 12:05:44 INFO  TC_003_ApplyingFilter_AND_Retriving_Reviews:35 - ****Selected English Language filter Sucesssfully***.......
2026-02-16 12:05:44 INFO  TC_003_ApplyingFilter_AND_Retriving_Reviews:36 - Clicking view button  .......
2026-02-16 12:05:44 INFO  TC_003_ApplyingFilter_AND_Retriving_Reviews:38 - Clicked view button  Sucesfully.......
2026-02-16 12:05:44 INFO  TC_003_ApplyingFilter_AND_Retriving_Reviews:39 - Applying Level Filter so clicking Level filter.......
2026-02-16 12:05:45 INFO  TC_003_ApplyingFilter_AND_Retriving_Reviews:41 - Clicked Level button  Sucesfully.......
2026-02-16 12:05:45 INFO  TC_003_ApplyingFilter_AND_Retriving_Reviews:42 - ****Selected Beginner Level ***.......
2026-02-16 12:05:46 INFO  TC_003_ApplyingFilter_AND_Retriving_Reviews:44 - ****Selected Beginner Level filter Sucesssfully***.......
2026-02-16 12:05:46 INFO  TC_003_ApplyingFilter_AND_Retriving_Reviews:45 - Clicking view button  .......
2026-02-16 12:05:46 INFO  TC_003_ApplyingFilter_AND_Retriving_Reviews:47 - Clicked view button  Sucesfully.......
2026-02-16 12:06:00 INFO  TC_003_ApplyingFilter_AND_Retriving_Reviews:52 - ......Sucessfully Test case 3 finished and details printed......
2026-02-16 12:06:00 INFO  TC_003_ApplyingFilter_AND_Retriving_Reviews:53 - *******TestCAse 3 Executed Sucessfully********
2026-02-16 12:06:13 INFO  TC_004_Validating_EnterpriserAndScreenShot_Taking:12 - *******TestCase 4********* Started******
2026-02-16 12:06:13 INFO  TC_004_Validating_EnterpriserAndScreenShot_Taking:16 - Entering the details and filling the form
2026-02-16 12:06:29 INFO  TC_004_Validating_EnterpriserAndScreenShot_Taking:18 - Successfully Filled
2026-02-16 12:06:29 INFO  TC_004_Validating_EnterpriserAndScreenShot_Taking:19 - *******TestCase 4 got executed Succesfully******
2026-02-16 12:06:29 INFO  TC_004_Validating_EnterpriserAndScreenShot_Taking:12 - *******TestCase 4********* Started******
2026-02-16 12:06:29 INFO  TC_004_Validating_EnterpriserAndScreenShot_Taking:16 - Entering the details and filling the form
2026-02-16 12:06:33 INFO  TC_004_Validating_EnterpriserAndScreenShot_Taking:18 - Successfully Filled
2026-02-16 12:06:33 INFO  TC_004_Validating_EnterpriserAndScreenShot_Taking:19 - *******TestCase 4 got executed Succesfully******
2026-02-16 12:09:11 INFO  TC_005_LanguageLearning:14 - *****TestCase 5 Started********
2026-02-16 12:09:11 INFO  TC_005_LanguageLearning:17 - Clicking the learning Leanguage
2026-02-16 12:09:15 INFO  TC_005_LanguageLearning:19 - Succesfully clicked the learning Leanguage
2026-02-16 12:09:15 INFO  TC_005_LanguageLearning:24 - Lanugage ShowingAll Language clicking.....
2026-02-16 12:09:16 INFO  TC_005_LanguageLearning:26 - Lanugage ShowingAll Sucessed.....
2026-02-16 12:09:16 INFO  TC_005_LanguageLearning:28 - Caputuring languages and writing in excel sheet
2026-02-16 12:09:28 INFO  TC_005_LanguageLearning:30 - *****Caputuring languages and writing in excel sheet Got Sucessed******
2026-02-16 12:09:28 INFO  TC_005_LanguageLearning:31 - Caputuring Levels and writing in excel sheet
2026-02-16 12:09:29 INFO  TC_005_LanguageLearning:34 - *****Caputuring Levels and writing in excel sheet Got Sucessed******
2026-02-16 12:09:40 INFO  TC_001_TitleCheck:14 - ****** TestCase 1 Started  *******
2026-02-16 12:09:40 INFO  TC_001_TitleCheck:15 - Getting Title......
2026-02-16 12:09:40 INFO  TC_001_TitleCheck:17 - Checking for validations of titles
2026-02-16 12:09:40 INFO  TC_001_TitleCheck:21 - Assert got susceeeded Title Matched Correctly 
2026-02-16 12:09:40 INFO  TC_001_TitleCheck:22 - TestCase 1 Executed Sucessfully
2026-02-16 12:09:52 INFO  TC_002_SearchingCourse:14 - ******TestCase 2  Started *****
2026-02-16 12:09:52 INFO  TC_002_SearchingCourse:15 - ***** Searching WebDevelopment ******
2026-02-16 12:10:00 INFO  TC_002_SearchingCourse:24 - Searched correct course and Assert got succes
2026-02-16 12:10:00 INFO  TC_002_SearchingCourse:32 - ***Succesfully searched***
2026-02-16 12:10:00 INFO  TC_002_SearchingCourse:33 - ***** TestCase 2 Executed Succesfully*****
2026-02-16 12:10:10 INFO  TC_003_ApplyingFilter_AND_Retriving_Reviews:17 - ********TestCase 3 Started*********
2026-02-16 12:10:14 INFO  TC_003_ApplyingFilter_AND_Retriving_Reviews:28 - Filteriing......
2026-02-16 12:10:14 INFO  TC_003_ApplyingFilter_AND_Retriving_Reviews:30 - Applying Language Filter so clicking langugae filter.......
2026-02-16 12:10:15 INFO  TC_003_ApplyingFilter_AND_Retriving_Reviews:32 - Clicked langugae filter sucessfully .......
2026-02-16 12:10:15 INFO  TC_003_ApplyingFilter_AND_Retriving_Reviews:33 - Selecting English Language filter.......
2026-02-16 12:10:16 INFO  TC_003_ApplyingFilter_AND_Retriving_Reviews:35 - ****Selected English Language filter Sucesssfully***.......
2026-02-16 12:10:16 INFO  TC_003_ApplyingFilter_AND_Retriving_Reviews:36 - Clicking view button  .......
2026-02-16 12:10:16 INFO  TC_003_ApplyingFilter_AND_Retriving_Reviews:38 - Clicked view button  Sucesfully.......
2026-02-16 12:10:16 INFO  TC_003_ApplyingFilter_AND_Retriving_Reviews:39 - Applying Level Filter so clicking Level filter.......
2026-02-16 12:10:16 INFO  TC_003_ApplyingFilter_AND_Retriving_Reviews:41 - Clicked Level button  Sucesfully.......
2026-02-16 12:10:16 INFO  TC_003_ApplyingFilter_AND_Retriving_Reviews:42 - ****Selected Beginner Level ***.......
2026-02-16 12:10:17 INFO  TC_003_ApplyingFilter_AND_Retriving_Reviews:44 - ****Selected Beginner Level filter Sucesssfully***.......
2026-02-16 12:10:17 INFO  TC_003_ApplyingFilter_AND_Retriving_Reviews:45 - Clicking view button  .......
2026-02-16 12:10:17 INFO  TC_003_ApplyingFilter_AND_Retriving_Reviews:47 - Clicked view button  Sucesfully.......
2026-02-16 12:10:28 INFO  TC_003_ApplyingFilter_AND_Retriving_Reviews:52 - ......Sucessfully Test case 3 finished and details printed......
2026-02-16 12:10:28 INFO  TC_003_ApplyingFilter_AND_Retriving_Reviews:53 - *******TestCAse 3 Executed Sucessfully********
2026-02-16 12:10:38 INFO  TC_004_Validating_EnterpriserAndScreenShot_Taking:12 - *******TestCase 4********* Started******
2026-02-16 12:10:38 INFO  TC_004_Validating_EnterpriserAndScreenShot_Taking:16 - Entering the details and filling the form
2026-02-16 12:10:50 INFO  TC_004_Validating_EnterpriserAndScreenShot_Taking:18 - Successfully Filled
2026-02-16 12:10:50 INFO  TC_004_Validating_EnterpriserAndScreenShot_Taking:19 - *******TestCase 4 got executed Succesfully******
2026-02-16 12:10:50 INFO  TC_004_Validating_EnterpriserAndScreenShot_Taking:12 - *******TestCase 4********* Started******
2026-02-16 12:10:50 INFO  TC_004_Validating_EnterpriserAndScreenShot_Taking:16 - Entering the details and filling the form
2026-02-16 12:10:54 INFO  TC_004_Validating_EnterpriserAndScreenShot_Taking:18 - Successfully Filled
2026-02-16 12:10:54 INFO  TC_004_Validating_EnterpriserAndScreenShot_Taking:19 - *******TestCase 4 got executed Succesfully******
2026-02-16 12:14:58 INFO  TC_001_TitleCheck:14 - ****** TestCase 1 Started  *******
2026-02-16 12:14:58 INFO  TC_001_TitleCheck:15 - Getting Title......
2026-02-16 12:14:58 INFO  TC_001_TitleCheck:17 - Checking for validations of titles
2026-02-16 12:14:58 INFO  TC_001_TitleCheck:21 - Assert got susceeeded Title Matched Correctly 
2026-02-16 12:14:58 INFO  TC_001_TitleCheck:22 - TestCase 1 Executed Sucessfully
2026-02-16 12:15:08 INFO  TC_002_SearchingCourse:14 - ******TestCase 2  Started *****
2026-02-16 12:15:08 INFO  TC_002_SearchingCourse:15 - ***** Searching WebDevelopment ******
2026-02-16 12:15:14 INFO  TC_002_SearchingCourse:24 - Searched correct course and Assert got succes
2026-02-16 12:15:14 INFO  TC_002_SearchingCourse:32 - ***Succesfully searched***
2026-02-16 12:15:14 INFO  TC_002_SearchingCourse:33 - ***** TestCase 2 Executed Succesfully*****
2026-02-16 12:15:24 INFO  TC_003_ApplyingFilter_AND_Retriving_Reviews:17 - ********TestCase 3 Started*********
2026-02-16 12:15:29 INFO  TC_003_ApplyingFilter_AND_Retriving_Reviews:28 - Filteriing......
2026-02-16 12:15:29 INFO  TC_003_ApplyingFilter_AND_Retriving_Reviews:30 - Applying Language Filter so clicking langugae filter.......
2026-02-16 12:15:29 INFO  TC_003_ApplyingFilter_AND_Retriving_Reviews:32 - Clicked langugae filter sucessfully .......
2026-02-16 12:15:29 INFO  TC_003_ApplyingFilter_AND_Retriving_Reviews:33 - Selecting English Language filter.......
2026-02-16 12:15:29 INFO  TC_003_ApplyingFilter_AND_Retriving_Reviews:35 - ****Selected English Language filter Sucesssfully***.......
2026-02-16 12:15:29 INFO  TC_003_ApplyingFilter_AND_Retriving_Reviews:36 - Clicking view button  .......
2026-02-16 12:15:30 INFO  TC_003_ApplyingFilter_AND_Retriving_Reviews:38 - Clicked view button  Sucesfully.......
2026-02-16 12:15:30 INFO  TC_003_ApplyingFilter_AND_Retriving_Reviews:39 - Applying Level Filter so clicking Level filter.......
2026-02-16 12:15:30 INFO  TC_003_ApplyingFilter_AND_Retriving_Reviews:41 - Clicked Level button  Sucesfully.......
2026-02-16 12:15:30 INFO  TC_003_ApplyingFilter_AND_Retriving_Reviews:42 - ****Selected Beginner Level ***.......
2026-02-16 12:15:31 INFO  TC_003_ApplyingFilter_AND_Retriving_Reviews:44 - ****Selected Beginner Level filter Sucesssfully***.......
2026-02-16 12:15:31 INFO  TC_003_ApplyingFilter_AND_Retriving_Reviews:45 - Clicking view button  .......
2026-02-16 12:15:31 INFO  TC_003_ApplyingFilter_AND_Retriving_Reviews:47 - Clicked view button  Sucesfully.......
2026-02-16 12:15:43 INFO  TC_003_ApplyingFilter_AND_Retriving_Reviews:52 - ......Sucessfully Test case 3 finished and details printed......
2026-02-16 12:15:43 INFO  TC_003_ApplyingFilter_AND_Retriving_Reviews:53 - *******TestCAse 3 Executed Sucessfully********
2026-02-16 12:15:56 INFO  TC_004_Validating_EnterpriserAndScreenShot_Taking:12 - *******TestCase 4********* Started******
2026-02-16 12:15:56 INFO  TC_004_Validating_EnterpriserAndScreenShot_Taking:16 - Entering the details and filling the form
2026-02-16 12:16:08 INFO  TC_004_Validating_EnterpriserAndScreenShot_Taking:18 - Successfully Filled
2026-02-16 12:16:08 INFO  TC_004_Validating_EnterpriserAndScreenShot_Taking:19 - *******TestCase 4 got executed Succesfully******
2026-02-16 12:16:08 INFO  TC_004_Validating_EnterpriserAndScreenShot_Taking:12 - *******TestCase 4********* Started******
2026-02-16 12:16:08 INFO  TC_004_Validating_EnterpriserAndScreenShot_Taking:16 - Entering the details and filling the form
2026-02-16 12:16:11 INFO  TC_004_Validating_EnterpriserAndScreenShot_Taking:18 - Successfully Filled
2026-02-16 12:16:11 INFO  TC_004_Validating_EnterpriserAndScreenShot_Taking:19 - *******TestCase 4 got executed Succesfully******
2026-02-16 12:18:52 INFO  TC_005_LanguageLearning:14 - *****TestCase 5 Started********
2026-02-16 12:18:52 INFO  TC_005_LanguageLearning:17 - Clicking the learning Leanguage
2026-02-16 12:18:58 INFO  TC_005_LanguageLearning:19 - Succesfully clicked the learning Leanguage
2026-02-16 12:18:58 INFO  TC_005_LanguageLearning:24 - Lanugage ShowingAll Language clicking.....
2026-02-16 12:18:58 INFO  TC_005_LanguageLearning:26 - Lanugage ShowingAll Sucessed.....
2026-02-16 12:18:58 INFO  TC_005_LanguageLearning:28 - Caputuring languages and writing in excel sheet
2026-02-16 12:19:10 INFO  TC_005_LanguageLearning:30 - *****Caputuring languages and writing in excel sheet Got Sucessed******
2026-02-16 12:19:10 INFO  TC_005_LanguageLearning:31 - Caputuring Levels and writing in excel sheet
2026-02-16 12:19:11 INFO  TC_005_LanguageLearning:34 - *****Caputuring Levels and writing in excel sheet Got Sucessed******
2026-02-16 12:19:25 INFO  TC_001_TitleCheck:14 - ****** TestCase 1 Started  *******
2026-02-16 12:19:25 INFO  TC_001_TitleCheck:15 - Getting Title......
2026-02-16 12:19:25 INFO  TC_001_TitleCheck:17 - Checking for validations of titles
2026-02-16 12:19:25 INFO  TC_001_TitleCheck:21 - Assert got susceeeded Title Matched Correctly 
2026-02-16 12:19:25 INFO  TC_001_TitleCheck:22 - TestCase 1 Executed Sucessfully
2026-02-16 12:19:35 INFO  TC_002_SearchingCourse:14 - ******TestCase 2  Started *****
2026-02-16 12:19:35 INFO  TC_002_SearchingCourse:15 - ***** Searching WebDevelopment ******
2026-02-16 12:19:40 INFO  TC_002_SearchingCourse:24 - Searched correct course and Assert got succes
2026-02-16 12:19:40 INFO  TC_002_SearchingCourse:32 - ***Succesfully searched***
2026-02-16 12:19:40 INFO  TC_002_SearchingCourse:33 - ***** TestCase 2 Executed Succesfully*****
2026-02-16 12:19:50 INFO  TC_003_ApplyingFilter_AND_Retriving_Reviews:17 - ********TestCase 3 Started*********
2026-02-16 12:20:01 INFO  TC_003_ApplyingFilter_AND_Retriving_Reviews:28 - Filteriing......
2026-02-16 12:20:01 INFO  TC_003_ApplyingFilter_AND_Retriving_Reviews:30 - Applying Language Filter so clicking langugae filter.......
2026-02-16 12:20:02 INFO  TC_003_ApplyingFilter_AND_Retriving_Reviews:32 - Clicked langugae filter sucessfully .......
2026-02-16 12:20:02 INFO  TC_003_ApplyingFilter_AND_Retriving_Reviews:33 - Selecting English Language filter.......
2026-02-16 12:20:08 INFO  TC_003_ApplyingFilter_AND_Retriving_Reviews:35 - ****Selected English Language filter Sucesssfully***.......
2026-02-16 12:20:08 INFO  TC_003_ApplyingFilter_AND_Retriving_Reviews:36 - Clicking view button  .......
2026-02-16 12:20:14 INFO  TC_003_ApplyingFilter_AND_Retriving_Reviews:38 - Clicked view button  Sucesfully.......
2026-02-16 12:20:14 INFO  TC_003_ApplyingFilter_AND_Retriving_Reviews:39 - Applying Level Filter so clicking Level filter.......
2026-02-16 12:20:14 INFO  TC_003_ApplyingFilter_AND_Retriving_Reviews:41 - Clicked Level button  Sucesfully.......
2026-02-16 12:20:14 INFO  TC_003_ApplyingFilter_AND_Retriving_Reviews:42 - ****Selected Beginner Level ***.......
2026-02-16 12:20:20 INFO  TC_003_ApplyingFilter_AND_Retriving_Reviews:44 - ****Selected Beginner Level filter Sucesssfully***.......
2026-02-16 12:20:20 INFO  TC_003_ApplyingFilter_AND_Retriving_Reviews:45 - Clicking view button  .......
2026-02-16 12:20:25 INFO  TC_003_ApplyingFilter_AND_Retriving_Reviews:47 - Clicked view button  Sucesfully.......
2026-02-16 12:20:37 INFO  TC_003_ApplyingFilter_AND_Retriving_Reviews:52 - ......Sucessfully Test case 3 finished and details printed......
2026-02-16 12:20:37 INFO  TC_003_ApplyingFilter_AND_Retriving_Reviews:53 - *******TestCAse 3 Executed Sucessfully********
2026-02-16 12:20:47 INFO  TC_004_Validating_EnterpriserAndScreenShot_Taking:12 - *******TestCase 4********* Started******
2026-02-16 12:20:47 INFO  TC_004_Validating_EnterpriserAndScreenShot_Taking:16 - Entering the details and filling the form
2026-02-16 12:20:49 INFO  TC_004_Validating_EnterpriserAndScreenShot_Taking:12 - *******TestCase 4********* Started******
2026-02-16 12:20:49 INFO  TC_004_Validating_EnterpriserAndScreenShot_Taking:16 - Entering the details and filling the form
2026-02-16 12:21:03 INFO  TC_004_Validating_EnterpriserAndScreenShot_Taking:18 - Successfully Filled
2026-02-16 12:21:03 INFO  TC_004_Validating_EnterpriserAndScreenShot_Taking:19 - *******TestCase 4 got executed Succesfully******
2026-02-16 12:27:34 INFO  TC_005_LanguageLearning:14 - *****TestCase 5 Started********
2026-02-16 12:27:34 INFO  TC_005_LanguageLearning:17 - Clicking the learning Leanguage
2026-02-16 12:27:39 INFO  TC_005_LanguageLearning:19 - Succesfully clicked the learning Leanguage
2026-02-16 12:27:39 INFO  TC_005_LanguageLearning:24 - Lanugage ShowingAll Language clicking.....
2026-02-16 12:27:40 INFO  TC_005_LanguageLearning:26 - Lanugage ShowingAll Sucessed.....
2026-02-16 12:27:40 INFO  TC_005_LanguageLearning:28 - Caputuring languages and writing in excel sheet
2026-02-16 12:27:52 INFO  TC_005_LanguageLearning:30 - *****Caputuring languages and writing in excel sheet Got Sucessed******
2026-02-16 12:27:52 INFO  TC_005_LanguageLearning:31 - Caputuring Levels and writing in excel sheet
2026-02-16 12:27:53 INFO  TC_005_LanguageLearning:34 - *****Caputuring Levels and writing in excel sheet Got Sucessed******
2026-02-16 12:28:04 INFO  TC_001_TitleCheck:14 - ****** TestCase 1 Started  *******
2026-02-16 12:28:04 INFO  TC_001_TitleCheck:15 - Getting Title......
2026-02-16 12:28:04 INFO  TC_001_TitleCheck:17 - Checking for validations of titles
2026-02-16 12:28:04 INFO  TC_001_TitleCheck:21 - Assert got susceeeded Title Matched Correctly 
2026-02-16 12:28:04 INFO  TC_001_TitleCheck:22 - TestCase 1 Executed Sucessfully
2026-02-16 12:28:13 INFO  TC_002_SearchingCourse:14 - ******TestCase 2  Started *****
2026-02-16 12:28:13 INFO  TC_002_SearchingCourse:15 - ***** Searching WebDevelopment ******
2026-02-16 12:28:17 INFO  TC_002_SearchingCourse:24 - Searched correct course and Assert got succes
2026-02-16 12:28:17 INFO  TC_002_SearchingCourse:32 - ***Succesfully searched***
2026-02-16 12:28:17 INFO  TC_002_SearchingCourse:33 - ***** TestCase 2 Executed Succesfully*****
2026-02-16 12:28:27 INFO  TC_003_ApplyingFilter_AND_Retriving_Reviews:17 - ********TestCase 3 Started*********
2026-02-16 12:28:32 INFO  TC_003_ApplyingFilter_AND_Retriving_Reviews:28 - Filteriing......
2026-02-16 12:28:32 INFO  TC_003_ApplyingFilter_AND_Retriving_Reviews:30 - Applying Language Filter so clicking langugae filter.......
2026-02-16 12:28:33 INFO  TC_003_ApplyingFilter_AND_Retriving_Reviews:32 - Clicked langugae filter sucessfully .......
2026-02-16 12:28:33 INFO  TC_003_ApplyingFilter_AND_Retriving_Reviews:33 - Selecting English Language filter.......
2026-02-16 12:28:33 INFO  TC_003_ApplyingFilter_AND_Retriving_Reviews:35 - ****Selected English Language filter Sucesssfully***.......
2026-02-16 12:28:33 INFO  TC_003_ApplyingFilter_AND_Retriving_Reviews:36 - Clicking view button  .......
2026-02-16 12:28:33 INFO  TC_003_ApplyingFilter_AND_Retriving_Reviews:38 - Clicked view button  Sucesfully.......
2026-02-16 12:28:33 INFO  TC_003_ApplyingFilter_AND_Retriving_Reviews:39 - Applying Level Filter so clicking Level filter.......
2026-02-16 12:28:34 INFO  TC_003_ApplyingFilter_AND_Retriving_Reviews:41 - Clicked Level button  Sucesfully.......
2026-02-16 12:28:34 INFO  TC_003_ApplyingFilter_AND_Retriving_Reviews:42 - ****Selected Beginner Level ***.......
2026-02-16 12:28:34 INFO  TC_003_ApplyingFilter_AND_Retriving_Reviews:44 - ****Selected Beginner Level filter Sucesssfully***.......
2026-02-16 12:28:34 INFO  TC_003_ApplyingFilter_AND_Retriving_Reviews:45 - Clicking view button  .......
2026-02-16 12:28:34 INFO  TC_003_ApplyingFilter_AND_Retriving_Reviews:47 - Clicked view button  Sucesfully.......
2026-02-16 12:28:50 INFO  TC_004_Validating_EnterpriserAndScreenShot_Taking:12 - *******TestCase 4********* Started******
2026-02-16 12:28:50 INFO  TC_004_Validating_EnterpriserAndScreenShot_Taking:16 - Entering the details and filling the form
2026-02-16 12:29:01 INFO  TC_004_Validating_EnterpriserAndScreenShot_Taking:18 - Successfully Filled
2026-02-16 12:29:01 INFO  TC_004_Validating_EnterpriserAndScreenShot_Taking:19 - *******TestCase 4 got executed Succesfully******
2026-02-16 12:29:01 INFO  TC_004_Validating_EnterpriserAndScreenShot_Taking:12 - *******TestCase 4********* Started******
2026-02-16 12:29:01 INFO  TC_004_Validating_EnterpriserAndScreenShot_Taking:16 - Entering the details and filling the form
2026-02-16 12:29:05 INFO  TC_004_Validating_EnterpriserAndScreenShot_Taking:18 - Successfully Filled
2026-02-16 12:29:05 INFO  TC_004_Validating_EnterpriserAndScreenShot_Taking:19 - *******TestCase 4 got executed Succesfully******
